# JRE version: OpenJDK Runtime Environment Microsoft-6841604 (17.0.5+8) (build 17.0.5+8-LTS)
# Java VM: OpenJDK 64-Bit Server VM Microsoft-6841604 (17.0.5+8-LTS, mixed mode, sharing, tiered, compressed oops, compressed class ptrs, g1 gc, windows-amd64)
GC Precious Log:
 CPUs: 8 total, 8 available
 Memory: 16124M
 Large Page Support: Disabled
 NUMA Support: Disabled
 Compressed Oops: Enabled (32-bit)
 Heap Region Size: 1M
 Heap Min Capacity: 256M
 Heap Initial Capacity: 256M
 Heap Max Capacity: 512M
 Pre-touch: Disabled
 Parallel Workers: 8
 Concurrent Workers: 2
 Concurrent Refinement Workers: 8
 Periodic GC: Disabled
Heap:
 garbage-first heap   total 262144K, used 193350K [0x00000000e0000000, 0x0000000100000000)
  region size 1024K, 150 young (153600K), 16 survivors (16384K)
 Metaspace       used 74969K, committed 75584K, reserved 380928K
  class space    used 10269K, committed 10560K, reserved 315392K
GC Heap History (14 events):
Event: 1.230 GC heap before
{Heap before GC invocations=0 (full 0):
 garbage-first heap   total 262144K, used 26624K [0x00000000e0000000, 0x0000000100000000)
  region size 1024K, 23 young (23552K), 0 survivors (0K)
 Metaspace       used 3068K, committed 3200K, reserved 323584K
  class space    used 392K, committed 448K, reserved 315392K
}
Event: 1.235 GC heap after
{Heap after GC invocations=1 (full 0):
 garbage-first heap   total 262144K, used 10618K [0x00000000e0000000, 0x0000000100000000)
  region size 1024K, 3 young (3072K), 3 survivors (3072K)
 Metaspace       used 3068K, committed 3200K, reserved 323584K
  class space    used 392K, committed 448K, reserved 315392K
}
Event: 2.098 GC heap before
{Heap before GC invocations=1 (full 0):
 garbage-first heap   total 262144K, used 39290K [0x00000000e0000000, 0x0000000100000000)
  region size 1024K, 30 young (30720K), 3 survivors (3072K)
 Metaspace       used 4003K, committed 4160K, reserved 323584K
  class space    used 490K, committed 576K, reserved 315392K
}
Event: 2.102 GC heap after
{Heap after GC invocations=2 (full 0):
 garbage-first heap   total 262144K, used 12151K [0x00000000e0000000, 0x0000000100000000)
  region size 1024K, 2 young (2048K), 2 survivors (2048K)
 Metaspace       used 4003K, committed 4160K, reserved 323584K
  class space    used 490K, committed 576K, reserved 315392K
}
Event: 5.602 GC heap before
{Heap before GC invocations=2 (full 0):
 garbage-first heap   total 262144K, used 127863K [0x00000000e0000000, 0x0000000100000000)
  region size 1024K, 116 young (118784K), 2 survivors (2048K)
 Metaspace       used 21171K, committed 21504K, reserved 339968K
  class space    used 3157K, committed 3328K, reserved 315392K
}
Event: 5.614 GC heap after
{Heap after GC invocations=3 (full 0):
 garbage-first heap   total 262144K, used 22087K [0x00000000e0000000, 0x0000000100000000)
  region size 1024K, 12 young (12288K), 12 survivors (12288K)
 Metaspace       used 21171K, committed 21504K, reserved 339968K
  class space    used 3157K, committed 3328K, reserved 315392K
}
Event: 7.862 GC heap before
{Heap before GC invocations=4 (full 0):
 garbage-first heap   total 262144K, used 131655K [0x00000000e0000000, 0x0000000100000000)
  region size 1024K, 116 young (118784K), 12 survivors (12288K)
 Metaspace       used 35763K, committed 36096K, reserved 348160K
  class space    used 5021K, committed 5184K, reserved 315392K
}
Event: 7.879 GC heap after
{Heap after GC invocations=5 (full 0):
 garbage-first heap   total 262144K, used 31504K [0x00000000e0000000, 0x0000000100000000)
  region size 1024K, 10 young (10240K), 10 survivors (10240K)
 Metaspace       used 35763K, committed 36096K, reserved 348160K
  class space    used 5021K, committed 5184K, reserved 315392K
}
Event: 12.732 GC heap before
{Heap before GC invocations=6 (full 0):
 garbage-first heap   total 262144K, used 163600K [0x00000000e0000000, 0x0000000100000000)
  region size 1024K, 138 young (141312K), 10 survivors (10240K)
 Metaspace       used 54337K, committed 54848K, reserved 364544K
  class space    used 7532K, committed 7808K, reserved 315392K
}
Event: 12.751 GC heap after
{Heap after GC invocations=7 (full 0):
 garbage-first heap   total 262144K, used 39592K [0x00000000e0000000, 0x0000000100000000)
  region size 1024K, 18 young (18432K), 18 survivors (18432K)
 Metaspace       used 54337K, committed 54848K, reserved 364544K
  class space    used 7532K, committed 7808K, reserved 315392K
}
Event: 14.268 GC heap before
{Heap before GC invocations=7 (full 0):
 garbage-first heap   total 262144K, used 110248K [0x00000000e0000000, 0x0000000100000000)
  region size 1024K, 88 young (90112K), 18 survivors (18432K)
 Metaspace       used 59706K, committed 60288K, reserved 372736K
  class space    used 8361K, committed 8640K, reserved 315392K
}
Event: 14.288 GC heap after
{Heap after GC invocations=8 (full 0):
 garbage-first heap   total 262144K, used 46686K [0x00000000e0000000, 0x0000000100000000)
  region size 1024K, 17 young (17408K), 17 survivors (17408K)
 Metaspace       used 59706K, committed 60288K, reserved 372736K
  class space    used 8361K, committed 8640K, reserved 315392K
}
Event: 17.264 GC heap before
{Heap before GC invocations=9 (full 0):
 garbage-first heap   total 262144K, used 184926K [0x00000000e0000000, 0x0000000100000000)
  region size 1024K, 153 young (156672K), 17 survivors (17408K)
 Metaspace       used 64726K, committed 65280K, reserved 372736K
  class space    used 8973K, committed 9216K, reserved 315392K
}
Event: 17.283 GC heap after
{Heap after GC invocations=10 (full 0):
 garbage-first heap   total 262144K, used 55110K [0x00000000e0000000, 0x0000000100000000)
  region size 1024K, 16 young (16384K), 16 survivors (16384K)
 Metaspace       used 64726K, committed 65280K, reserved 372736K
  class space    used 8973K, committed 9216K, reserved 315392K
}

